<?xml version="1.0" encoding="UTF-8"?>
<testsuite xmlns:xsi="http://www.w3.org/2001/XMLSchema-instance" xsi:noNamespaceSchemaLocation="https://maven.apache.org/surefire/maven-surefire-plugin/xsd/surefire-test-report.xsd" version="3.0.2" name="com.example.backend.ServicesTest.ProductItemsServiceTest" time="13.721" tests="4" errors="0" skipped="0" failures="0">
  <properties>
[...]
</properties>
  <testcase name="redactById" classname="com.example.backend.ServicesTest.ProductItemsServiceTest" time="1.105">
    <system-out><![CDATA[Standard Commons Logging discovery in action with spring-jcl: please remove commons-logging.jar from classpath in order to avoid potential conflicts
13:55:42.622 [main] INFO org.testcontainers.images.PullPolicy -- Image pull policy will be performed by: DefaultPullPolicy()
13:55:42.628 [main] INFO org.testcontainers.utility.ImageNameSubstitutor -- Image name substitution will be performed by: DefaultImageNameSubstitutor (composite of 'ConfigurationFileImageNameSubstitutor' and 'PrefixingImageNameSubstitutor')
13:55:42.876 [main] INFO org.testcontainers.dockerclient.DockerClientProviderStrategy -- Loaded org.testcontainers.dockerclient.NpipeSocketClientProviderStrategy from ~/.testcontainers.properties, will try it first
13:55:43.202 [main] INFO org.testcontainers.dockerclient.DockerClientProviderStrategy -- Found Docker environment with local Npipe socket (npipe:////./pipe/docker_engine)
13:55:43.204 [main] INFO org.testcontainers.DockerClientFactory -- Docker host IP address is localhost
13:55:43.224 [main] INFO org.testcontainers.DockerClientFactory -- Connected to docker: 
  Server Version: 28.0.4
  API Version: 1.48
  Operating System: Docker Desktop
  Total Memory: 15965 MB
13:55:43.301 [main] INFO tc.testcontainers/ryuk:0.7.0 -- Creating container for image: testcontainers/ryuk:0.7.0
13:55:43.447 [main] INFO org.testcontainers.utility.RegistryAuthLocator -- Credential helper/store (docker-credential-desktop) does not have credentials for https://index.docker.io/v1/
13:55:43.597 [main] INFO tc.testcontainers/ryuk:0.7.0 -- Container testcontainers/ryuk:0.7.0 is starting: d105ef5209f53dc15d4028a05e18f96373aa9446e288e425c24a14ad3be3d893
13:55:44.127 [main] INFO tc.testcontainers/ryuk:0.7.0 -- Container testcontainers/ryuk:0.7.0 started in PT0.8258S
13:55:44.135 [main] INFO org.testcontainers.utility.RyukResourceReaper -- Ryuk started - will monitor and terminate Testcontainers containers on JVM exit
13:55:44.135 [main] INFO org.testcontainers.DockerClientFactory -- Checking the system...
13:55:44.136 [main] INFO org.testcontainers.DockerClientFactory -- ✔︎ Docker server version should be at least 1.6.0
13:55:44.138 [main] INFO tc.mysql:5.7 -- Creating container for image: mysql:5.7
13:55:44.316 [main] INFO tc.mysql:5.7 -- Container mysql:5.7 is starting: 90bf0f0c7c2152c6b5be536665fe830a5a9fd567b5ed83da59b043e75f8d1bc9
13:55:44.632 [main] INFO tc.mysql:5.7 -- Waiting for database connection to become available at jdbc:mysql://localhost:65483/test using query 'SELECT 1'
13:55:53.427 [main] INFO tc.mysql:5.7 -- Container mysql:5.7 started in PT9.2884374S
13:55:53.427 [main] INFO tc.mysql:5.7 -- Container is started (JDBC URL: jdbc:mysql://localhost:65483/test)

  .   ____          _            __ _ _
 /\\ / ___'_ __ _ _(_)_ __  __ _ \ \ \ \
( ( )\___ | '_ | '_| | '_ \/ _` | \ \ \ \
 \\/  ___)| |_)| | | | | || (_| |  ) ) ) )
  '  |____| .__|_| |_|_| |_\__, | / / / /
 =========|_|==============|___/=/_/_/_/

 :: Spring Boot ::                (v3.5.5)

2025-09-30T13:55:53.750+03:00  INFO 28264 --- [backend] [           main] c.e.b.S.ProductItemsServiceTest          : Starting ProductItemsServiceTest using Java 21.0.8 with PID 28264 (started by Коля in C:\Users\Коля\Desktop\myProjects\TechSphere\backend)
2025-09-30T13:55:53.751+03:00  INFO 28264 --- [backend] [           main] c.e.b.S.ProductItemsServiceTest          : The following 1 profile is active: "test"
2025-09-30T13:55:54.075+03:00  INFO 28264 --- [backend] [           main] c.e.b.S.ProductItemsServiceTest          : Started ProductItemsServiceTest in 0.614 seconds (process running for 12.342)
2025-09-30T13:55:55.065+03:00  INFO 28264 --- [backend] [actor-tcp-nio-2] i.a.r.mysql.client.ReactorNettyClient    : Response: OkMessage{isEndOfRows=false, affectedRows=0, lastInsertId=0, serverStatuses=2, warnings=1, information='', systemVariables={}}, reports 1 warning(s)
]]></system-out>
    <system-err><![CDATA[Mockito is currently self-attaching to enable the inline-mock-maker. This will no longer work in future releases of the JDK. Please add Mockito as an agent to your build as described in Mockito's documentation: https://javadoc.io/doc/org.mockito/mockito-core/latest/org.mockito/org/mockito/Mockito.html#0.3
WARNING: A Java agent has been loaded dynamically (C:\Users\Êîëÿ\.m2\repository\net\bytebuddy\byte-buddy-agent\1.17.7\byte-buddy-agent-1.17.7.jar)
WARNING: If a serviceability tool is in use, please run with -XX:+EnableDynamicAgentLoading to hide this warning
WARNING: If a serviceability tool is not in use, please run with -Djdk.instrument.traceUsage for more information
WARNING: Dynamic loading of agents will be disallowed by default in a future release
]]></system-err>
  </testcase>
  <testcase name="getProductItemById_returnsCorrectItem" classname="com.example.backend.ServicesTest.ProductItemsServiceTest" time="0.058"/>
  <testcase name="getAllProductItemsByType_emptyWhenNoMatch" classname="com.example.backend.ServicesTest.ProductItemsServiceTest" time="0.06"/>
  <testcase name="getAllProductItemsByType_returnsOnlyRequestedType" classname="com.example.backend.ServicesTest.ProductItemsServiceTest" time="0.062"/>
</testsuite>